<?xml version="1.0" encoding="UTF-8"?>
<testsuite xmlns:xsi="http://www.w3.org/2001/XMLSchema-instance" xsi:noNamespaceSchemaLocation="https://maven.apache.org/surefire/maven-surefire-plugin/xsd/surefire-test-report.xsd" name="com.faforerof.rectangles.services.implementation.RectangleOperationTest" time="0.238" tests="6" errors="0" skipped="0" failures="3">
  <properties>
[...]
</properties>
  <testcase name="containsTrue" classname="com.faforerof.rectangles.services.implementation.RectangleOperationTest" time="0.229">
    <failure message="expected: &lt;true&gt; but was: &lt;false&gt;" type="org.opentest4j.AssertionFailedError"><![CDATA[org.opentest4j.AssertionFailedError: expected: <true> but was: <false>
	at com.faforerof.rectangles.services.implementation.RectangleOperationTest.containsTrue(RectangleOperationTest.java:31)
]]></failure>
  </testcase>
  <testcase name="containsFalse" classname="com.faforerof.rectangles.services.implementation.RectangleOperationTest" time="0.003"/>
  <testcase name="intersectsTrue" classname="com.faforerof.rectangles.services.implementation.RectangleOperationTest" time="0.001">
    <failure message="expected: &lt;true&gt; but was: &lt;false&gt;" type="org.opentest4j.AssertionFailedError"><![CDATA[org.opentest4j.AssertionFailedError: expected: <true> but was: <false>
	at com.faforerof.rectangles.services.implementation.RectangleOperationTest.intersectsTrue(RectangleOperationTest.java:24)
]]></failure>
  </testcase>
  <testcase name="adjacentTrue" classname="com.faforerof.rectangles.services.implementation.RectangleOperationTest" time="0.001">
    <failure message="expected: &lt;true&gt; but was: &lt;false&gt;" type="org.opentest4j.AssertionFailedError"><![CDATA[org.opentest4j.AssertionFailedError: expected: <true> but was: <false>
	at com.faforerof.rectangles.services.implementation.RectangleOperationTest.adjacentTrue(RectangleOperationTest.java:38)
]]></failure>
  </testcase>
  <testcase name="adjacentFalse" classname="com.faforerof.rectangles.services.implementation.RectangleOperationTest" time="0"/>
  <testcase name="intersectsFalse" classname="com.faforerof.rectangles.services.implementation.RectangleOperationTest" time="0.001"/>
</testsuite>